{
    "@timestamp": "2024-12-07 14:07:42,669",
    "level": "INFO",
    "service": "VLM_API",
    "request_id": "unknown",
    "class": "uvicorn.access",
    "method": "send"
}
{
    "@timestamp": "2024-12-07 14:07:43,094",
    "level": "INFO",
    "service": "VLM_API",
    "request_id": "unknown",
    "class": "uvicorn.access",
    "method": "send"
}
{
    "@timestamp": "2024-12-07 14:07:45,255",
    "level": "INFO",
    "service": "VLM_API",
    "request_id": "unknown",
    "class": "uvicorn.access",
    "method": "send"
}
{
    "@timestamp": "2024-12-07 14:07:45,469",
    "level": "INFO",
    "service": "VLM_API",
    "request_id": "unknown",
    "class": "uvicorn.access",
    "method": "send"
}
{
    "@timestamp": "2024-12-07 14:08:13,149",
    "level": "INFO",
    "service": "VLM_API",
    "request_id": "unknown",
    "class": "uvicorn.access",
    "method": "send"
}
{
    "@timestamp": "2024-12-07 14:08:32,707",
    "level": "INFO",
    "service": "VLM_API",
    "request_id": "unknown",
    "class": "uvicorn.access",
    "method": "send"
}
{
    "@timestamp": "2024-12-07 14:11:44,516",
    "level": "INFO",
    "service": "VLM_API",
    "request_id": "unknown",
    "class": "uvicorn.access",
    "method": "send"
}
{
    "@timestamp": "2024-12-07 14:13:41,402",
    "level": "INFO",
    "service": "VLM_API",
    "request_id": "unknown",
    "class": "uvicorn.access",
    "method": "send"
}
{
    "@timestamp": "2024-12-07 14:14:19,000",
    "level": "INFO",
    "service": "VLM_API",
    "request_id": "unknown",
    "class": "uvicorn.access",
    "method": "send"
}
{
    "@timestamp": "2024-12-07 14:20:37,404",
    "level": "INFO",
    "service": "VLM_API",
    "request_id": "unknown",
    "class": "uvicorn.access",
    "method": "send"
}
{
    "@timestamp": "2024-12-07 14:20:57,460",
    "level": "INFO",
    "service": "VLM_API",
    "request_id": "unknown",
    "class": "uvicorn.access",
    "method": "send"
}
{
    "@timestamp": "2024-12-07 14:21:15,186",
    "level": "INFO",
    "service": "VLM_API",
    "request_id": "unknown",
    "class": "uvicorn.access",
    "method": "send"
}
