{
    "@timestamp": "2024-12-07 14:07:37,074",
    "level": "INFO",
    "service": "VLM_API",
    "request_id": "unknown",
    "class": "uvicorn.error",
    "method": "__init__"
}
{
    "@timestamp": "2024-12-07 14:07:37,075",
    "level": "INFO",
    "service": "VLM_API",
    "request_id": "unknown",
    "class": "uvicorn.error",
    "method": "bind_socket"
}
{
    "@timestamp": "2024-12-07 14:07:37,076",
    "level": "INFO",
    "service": "VLM_API",
    "request_id": "unknown",
    "class": "uvicorn.error",
    "method": "startup"
}
{
    "@timestamp": "2024-12-07 14:07:37,721",
    "level": "INFO",
    "service": "VLM_API",
    "request_id": "unknown",
    "class": "watchfiles.main",
    "method": "_log_changes"
}
{
    "@timestamp": "2024-12-07 14:07:38,409",
    "level": "INFO",
    "service": "VLM_API",
    "request_id": "unknown",
    "class": "watchfiles.main",
    "method": "_log_changes"
}
{
    "@timestamp": "2024-12-07 14:07:38,768",
    "level": "INFO",
    "service": "VLM_API",
    "request_id": "unknown",
    "class": "watchfiles.main",
    "method": "_log_changes"
}
{
    "@timestamp": "2024-12-07 14:07:39,047",
    "level": "INFO",
    "service": "VLM_API",
    "request_id": "unknown",
    "class": "config",
    "method": "<module>"
}
{
    "@timestamp": "2024-12-07 14:07:39,047",
    "level": "INFO",
    "service": "VLM_API",
    "request_id": "unknown",
    "class": "config",
    "method": "<module>"
}
{
    "@timestamp": "2024-12-07 14:07:39,047",
    "level": "INFO",
    "service": "VLM_API",
    "request_id": "unknown",
    "class": "config",
    "method": "<module>"
}
{
    "@timestamp": "2024-12-07 14:07:39,059",
    "level": "INFO",
    "service": "VLM_API",
    "request_id": "unknown",
    "class": "uvicorn.error",
    "method": "serve"
}
{
    "@timestamp": "2024-12-07 14:07:39,060",
    "level": "INFO",
    "service": "VLM_API",
    "request_id": "unknown",
    "class": "uvicorn.error",
    "method": "startup"
}
{
    "@timestamp": "2024-12-07 14:07:39,060",
    "level": "INFO",
    "service": "VLM_API",
    "request_id": "unknown",
    "class": "uvicorn.error",
    "method": "startup"
}
{
    "@timestamp": "2024-12-07 14:07:39,131",
    "level": "INFO",
    "service": "VLM_API",
    "request_id": "unknown",
    "class": "watchfiles.main",
    "method": "_log_changes"
}
{
    "@timestamp": "2024-12-07 14:07:42,668",
    "level": "INFO",
    "service": "VLM_API",
    "request_id": "unknown",
    "class": "root",
    "method": "read_root"
}
{
    "@timestamp": "2024-12-07 14:07:42,669",
    "level": "INFO",
    "service": "VLM_API",
    "request_id": "unknown",
    "class": "root",
    "method": "log_requests"
}
{
    "@timestamp": "2024-12-07 14:07:43,094",
    "level": "INFO",
    "service": "VLM_API",
    "request_id": "unknown",
    "class": "root",
    "method": "log_requests"
}
{
    "@timestamp": "2024-12-07 14:07:45,254",
    "level": "INFO",
    "service": "VLM_API",
    "request_id": "unknown",
    "class": "root",
    "method": "log_requests"
}
{
    "@timestamp": "2024-12-07 14:07:45,469",
    "level": "INFO",
    "service": "VLM_API",
    "request_id": "unknown",
    "class": "root",
    "method": "log_requests"
}
{
    "@timestamp": "2024-12-07 14:08:06,211",
    "level": "INFO",
    "service": "VLM_API",
    "request_id": "unknown",
    "class": "routers.upload_video",
    "method": "receive_video_endpoint"
}
{
    "@timestamp": "2024-12-07 14:08:06,214",
    "level": "INFO",
    "service": "VLM_API",
    "request_id": "unknown",
    "class": "routers.upload_video",
    "method": "receive_video_endpoint"
}
{
    "@timestamp": "2024-12-07 14:08:06,297",
    "level": "INFO",
    "service": "VLM_API",
    "request_id": "unknown",
    "class": "watchfiles.main",
    "method": "_log_changes"
}
{
    "@timestamp": "2024-12-07 14:08:06,927",
    "level": "INFO",
    "service": "VLM_API",
    "request_id": "unknown",
    "class": "watchfiles.main",
    "method": "_log_changes"
}
{
    "@timestamp": "2024-12-07 14:08:13,146",
    "level": "INFO",
    "service": "VLM_API",
    "request_id": "unknown",
    "class": "routers.upload_video",
    "method": "convert_to_vp9"
}
{
    "@timestamp": "2024-12-07 14:08:13,149",
    "level": "INFO",
    "service": "VLM_API",
    "request_id": "unknown",
    "class": "root",
    "method": "log_requests"
}
{
    "@timestamp": "2024-12-07 14:08:13,232",
    "level": "INFO",
    "service": "VLM_API",
    "request_id": "unknown",
    "class": "watchfiles.main",
    "method": "_log_changes"
}
{
    "@timestamp": "2024-12-07 14:08:25,399",
    "level": "INFO",
    "service": "VLM_API",
    "request_id": "unknown",
    "class": "utils.download_video",
    "method": "download_and_sample_video_local"
}
{
    "@timestamp": "2024-12-07 14:08:25,594",
    "level": "ERROR",
    "service": "VLM_API",
    "request_id": "unknown",
    "class": "utils.download_video",
    "method": "download_and_sample_video_local",
    "error_type": "FrameReadError",
    "message": "프레임 218 읽기 실패 - 비디오가 예상보다 짧을 수 있습니다."
}
{
    "@timestamp": "2024-12-07 14:08:26,368",
    "level": "INFO",
    "service": "VLM_API",
    "request_id": "unknown",
    "class": "httpx",
    "method": "_send_single_request"
}
{
    "@timestamp": "2024-12-07 14:08:30,619",
    "level": "INFO",
    "service": "VLM_API",
    "request_id": "unknown",
    "class": "httpx",
    "method": "_send_single_request"
}
{
    "@timestamp": "2024-12-07 14:08:31,349",
    "level": "INFO",
    "service": "VLM_API",
    "request_id": "unknown",
    "class": "httpx",
    "method": "_send_single_request"
}
{
    "@timestamp": "2024-12-07 14:08:32,030",
    "level": "INFO",
    "service": "VLM_API",
    "request_id": "unknown",
    "class": "httpx",
    "method": "_send_single_request"
}
{
    "@timestamp": "2024-12-07 14:08:32,700",
    "level": "INFO",
    "service": "VLM_API",
    "request_id": "unknown",
    "class": "httpx",
    "method": "_send_single_request"
}
{
    "@timestamp": "2024-12-07 14:08:32,705",
    "level": "ERROR",
    "service": "VLM_API",
    "request_id": "unknown",
    "class": "routers.send_feedback",
    "method": "send_feedback_endpoint",
    "error_type": "NameError",
    "message": "name 'video_id' is not defined"
}
{
    "@timestamp": "2024-12-07 14:08:32,707",
    "level": "INFO",
    "service": "VLM_API",
    "request_id": "unknown",
    "class": "root",
    "method": "log_requests"
}
{
    "@timestamp": "2024-12-07 14:11:38,805",
    "level": "INFO",
    "service": "VLM_API",
    "request_id": "unknown",
    "class": "watchfiles.main",
    "method": "_log_changes"
}
{
    "@timestamp": "2024-12-07 14:11:38,815",
    "level": "WARNING",
    "service": "VLM_API",
    "request_id": "unknown",
    "class": "uvicorn.error",
    "method": "run"
}
{
    "@timestamp": "2024-12-07 14:11:38,875",
    "level": "INFO",
    "service": "VLM_API",
    "request_id": "unknown",
    "class": "uvicorn.error",
    "method": "shutdown"
}
{
    "@timestamp": "2024-12-07 14:11:38,978",
    "level": "INFO",
    "service": "VLM_API",
    "request_id": "unknown",
    "class": "uvicorn.error",
    "method": "shutdown"
}
{
    "@timestamp": "2024-12-07 14:11:38,979",
    "level": "INFO",
    "service": "VLM_API",
    "request_id": "unknown",
    "class": "uvicorn.error",
    "method": "shutdown"
}
{
    "@timestamp": "2024-12-07 14:11:38,980",
    "level": "INFO",
    "service": "VLM_API",
    "request_id": "unknown",
    "class": "uvicorn.error",
    "method": "serve"
}
{
    "@timestamp": "2024-12-07 14:11:39,578",
    "level": "INFO",
    "service": "VLM_API",
    "request_id": "unknown",
    "class": "watchfiles.main",
    "method": "_log_changes"
}
{
    "@timestamp": "2024-12-07 14:11:40,611",
    "level": "INFO",
    "service": "VLM_API",
    "request_id": "unknown",
    "class": "config",
    "method": "<module>"
}
{
    "@timestamp": "2024-12-07 14:11:40,611",
    "level": "INFO",
    "service": "VLM_API",
    "request_id": "unknown",
    "class": "config",
    "method": "<module>"
}
{
    "@timestamp": "2024-12-07 14:11:40,612",
    "level": "INFO",
    "service": "VLM_API",
    "request_id": "unknown",
    "class": "config",
    "method": "<module>"
}
{
    "@timestamp": "2024-12-07 14:11:40,623",
    "level": "INFO",
    "service": "VLM_API",
    "request_id": "unknown",
    "class": "uvicorn.error",
    "method": "serve"
}
{
    "@timestamp": "2024-12-07 14:11:40,623",
    "level": "INFO",
    "service": "VLM_API",
    "request_id": "unknown",
    "class": "uvicorn.error",
    "method": "startup"
}
{
    "@timestamp": "2024-12-07 14:11:40,623",
    "level": "INFO",
    "service": "VLM_API",
    "request_id": "unknown",
    "class": "uvicorn.error",
    "method": "startup"
}
{
    "@timestamp": "2024-12-07 14:11:40,707",
    "level": "INFO",
    "service": "VLM_API",
    "request_id": "unknown",
    "class": "watchfiles.main",
    "method": "_log_changes"
}
{
    "@timestamp": "2024-12-07 14:11:44,515",
    "level": "ERROR",
    "service": "VLM_API",
    "request_id": "unknown",
    "class": "routers.send_feedback",
    "method": "send_feedback_endpoint",
    "error_type": "TypeError",
    "message": "process_video() missing 1 required positional argument: 'video_id'"
}
{
    "@timestamp": "2024-12-07 14:11:44,516",
    "level": "INFO",
    "service": "VLM_API",
    "request_id": "unknown",
    "class": "root",
    "method": "log_requests"
}
{
    "@timestamp": "2024-12-07 14:11:56,644",
    "level": "INFO",
    "service": "VLM_API",
    "request_id": "unknown",
    "class": "watchfiles.main",
    "method": "_log_changes"
}
{
    "@timestamp": "2024-12-07 14:11:56,645",
    "level": "WARNING",
    "service": "VLM_API",
    "request_id": "unknown",
    "class": "uvicorn.error",
    "method": "run"
}
{
    "@timestamp": "2024-12-07 14:11:56,703",
    "level": "INFO",
    "service": "VLM_API",
    "request_id": "unknown",
    "class": "uvicorn.error",
    "method": "shutdown"
}
{
    "@timestamp": "2024-12-07 14:11:56,805",
    "level": "INFO",
    "service": "VLM_API",
    "request_id": "unknown",
    "class": "uvicorn.error",
    "method": "shutdown"
}
{
    "@timestamp": "2024-12-07 14:11:56,807",
    "level": "INFO",
    "service": "VLM_API",
    "request_id": "unknown",
    "class": "uvicorn.error",
    "method": "shutdown"
}
{
    "@timestamp": "2024-12-07 14:11:56,807",
    "level": "INFO",
    "service": "VLM_API",
    "request_id": "unknown",
    "class": "uvicorn.error",
    "method": "serve"
}
{
    "@timestamp": "2024-12-07 14:11:57,377",
    "level": "INFO",
    "service": "VLM_API",
    "request_id": "unknown",
    "class": "watchfiles.main",
    "method": "_log_changes"
}
{
    "@timestamp": "2024-12-07 14:11:58,231",
    "level": "INFO",
    "service": "VLM_API",
    "request_id": "unknown",
    "class": "config",
    "method": "<module>"
}
{
    "@timestamp": "2024-12-07 14:11:58,231",
    "level": "INFO",
    "service": "VLM_API",
    "request_id": "unknown",
    "class": "config",
    "method": "<module>"
}
{
    "@timestamp": "2024-12-07 14:11:58,231",
    "level": "INFO",
    "service": "VLM_API",
    "request_id": "unknown",
    "class": "config",
    "method": "<module>"
}
{
    "@timestamp": "2024-12-07 14:11:58,242",
    "level": "INFO",
    "service": "VLM_API",
    "request_id": "unknown",
    "class": "uvicorn.error",
    "method": "serve"
}
{
    "@timestamp": "2024-12-07 14:11:58,242",
    "level": "INFO",
    "service": "VLM_API",
    "request_id": "unknown",
    "class": "uvicorn.error",
    "method": "startup"
}
{
    "@timestamp": "2024-12-07 14:11:58,243",
    "level": "INFO",
    "service": "VLM_API",
    "request_id": "unknown",
    "class": "uvicorn.error",
    "method": "startup"
}
{
    "@timestamp": "2024-12-07 14:11:58,341",
    "level": "INFO",
    "service": "VLM_API",
    "request_id": "unknown",
    "class": "watchfiles.main",
    "method": "_log_changes"
}
{
    "@timestamp": "2024-12-07 14:13:29,179",
    "level": "INFO",
    "service": "VLM_API",
    "request_id": "unknown",
    "class": "watchfiles.main",
    "method": "_log_changes"
}
{
    "@timestamp": "2024-12-07 14:13:29,182",
    "level": "WARNING",
    "service": "VLM_API",
    "request_id": "unknown",
    "class": "uvicorn.error",
    "method": "run"
}
{
    "@timestamp": "2024-12-07 14:13:29,191",
    "level": "INFO",
    "service": "VLM_API",
    "request_id": "unknown",
    "class": "uvicorn.error",
    "method": "shutdown"
}
{
    "@timestamp": "2024-12-07 14:13:29,295",
    "level": "INFO",
    "service": "VLM_API",
    "request_id": "unknown",
    "class": "uvicorn.error",
    "method": "shutdown"
}
{
    "@timestamp": "2024-12-07 14:13:29,296",
    "level": "INFO",
    "service": "VLM_API",
    "request_id": "unknown",
    "class": "uvicorn.error",
    "method": "shutdown"
}
{
    "@timestamp": "2024-12-07 14:13:29,296",
    "level": "INFO",
    "service": "VLM_API",
    "request_id": "unknown",
    "class": "uvicorn.error",
    "method": "serve"
}
{
    "@timestamp": "2024-12-07 14:13:29,883",
    "level": "INFO",
    "service": "VLM_API",
    "request_id": "unknown",
    "class": "watchfiles.main",
    "method": "_log_changes"
}
{
    "@timestamp": "2024-12-07 14:13:30,952",
    "level": "INFO",
    "service": "VLM_API",
    "request_id": "unknown",
    "class": "config",
    "method": "<module>"
}
{
    "@timestamp": "2024-12-07 14:13:30,952",
    "level": "INFO",
    "service": "VLM_API",
    "request_id": "unknown",
    "class": "config",
    "method": "<module>"
}
{
    "@timestamp": "2024-12-07 14:13:30,952",
    "level": "INFO",
    "service": "VLM_API",
    "request_id": "unknown",
    "class": "config",
    "method": "<module>"
}
{
    "@timestamp": "2024-12-07 14:13:30,963",
    "level": "INFO",
    "service": "VLM_API",
    "request_id": "unknown",
    "class": "uvicorn.error",
    "method": "serve"
}
{
    "@timestamp": "2024-12-07 14:13:30,963",
    "level": "INFO",
    "service": "VLM_API",
    "request_id": "unknown",
    "class": "uvicorn.error",
    "method": "startup"
}
{
    "@timestamp": "2024-12-07 14:13:30,964",
    "level": "INFO",
    "service": "VLM_API",
    "request_id": "unknown",
    "class": "uvicorn.error",
    "method": "startup"
}
{
    "@timestamp": "2024-12-07 14:13:31,051",
    "level": "INFO",
    "service": "VLM_API",
    "request_id": "unknown",
    "class": "watchfiles.main",
    "method": "_log_changes"
}
{
    "@timestamp": "2024-12-07 14:13:31,344",
    "level": "INFO",
    "service": "VLM_API",
    "request_id": "unknown",
    "class": "utils.download_video",
    "method": "download_and_sample_video_local"
}
{
    "@timestamp": "2024-12-07 14:13:31,472",
    "level": "ERROR",
    "service": "VLM_API",
    "request_id": "unknown",
    "class": "utils.download_video",
    "method": "download_and_sample_video_local",
    "error_type": "FrameReadError",
    "message": "프레임 218 읽기 실패 - 비디오가 예상보다 짧을 수 있습니다."
}
{
    "@timestamp": "2024-12-07 14:13:32,133",
    "level": "INFO",
    "service": "VLM_API",
    "request_id": "unknown",
    "class": "httpx",
    "method": "_send_single_request"
}
{
    "@timestamp": "2024-12-07 14:13:36,113",
    "level": "INFO",
    "service": "VLM_API",
    "request_id": "unknown",
    "class": "httpx",
    "method": "_send_single_request"
}
{
    "@timestamp": "2024-12-07 14:13:36,769",
    "level": "INFO",
    "service": "VLM_API",
    "request_id": "unknown",
    "class": "httpx",
    "method": "_send_single_request"
}
{
    "@timestamp": "2024-12-07 14:13:40,786",
    "level": "INFO",
    "service": "VLM_API",
    "request_id": "unknown",
    "class": "httpx",
    "method": "_send_single_request"
}
{
    "@timestamp": "2024-12-07 14:13:41,386",
    "level": "INFO",
    "service": "VLM_API",
    "request_id": "unknown",
    "class": "httpx",
    "method": "_send_single_request"
}
{
    "@timestamp": "2024-12-07 14:13:41,400",
    "level": "INFO",
    "service": "VLM_API",
    "request_id": "unknown",
    "class": "routers.send_feedback",
    "method": "send_feedback_endpoint"
}
{
    "@timestamp": "2024-12-07 14:13:41,401",
    "level": "INFO",
    "service": "VLM_API",
    "request_id": "unknown",
    "class": "root",
    "method": "log_requests"
}
{
    "@timestamp": "2024-12-07 14:13:41,483",
    "level": "INFO",
    "service": "VLM_API",
    "request_id": "unknown",
    "class": "watchfiles.main",
    "method": "_log_changes"
}
{
    "@timestamp": "2024-12-07 14:14:18,999",
    "level": "INFO",
    "service": "VLM_API",
    "request_id": "unknown",
    "class": "routers.delete_files",
    "method": "delete_files"
}
{
    "@timestamp": "2024-12-07 14:14:19,000",
    "level": "INFO",
    "service": "VLM_API",
    "request_id": "unknown",
    "class": "root",
    "method": "log_requests"
}
{
    "@timestamp": "2024-12-07 14:14:19,079",
    "level": "INFO",
    "service": "VLM_API",
    "request_id": "unknown",
    "class": "watchfiles.main",
    "method": "_log_changes"
}
{
    "@timestamp": "2024-12-07 14:15:38,801",
    "level": "INFO",
    "service": "VLM_API",
    "request_id": "unknown",
    "class": "watchfiles.main",
    "method": "_log_changes"
}
{
    "@timestamp": "2024-12-07 14:15:38,804",
    "level": "WARNING",
    "service": "VLM_API",
    "request_id": "unknown",
    "class": "uvicorn.error",
    "method": "run"
}
{
    "@timestamp": "2024-12-07 14:15:38,846",
    "level": "INFO",
    "service": "VLM_API",
    "request_id": "unknown",
    "class": "uvicorn.error",
    "method": "shutdown"
}
{
    "@timestamp": "2024-12-07 14:15:38,949",
    "level": "INFO",
    "service": "VLM_API",
    "request_id": "unknown",
    "class": "uvicorn.error",
    "method": "shutdown"
}
{
    "@timestamp": "2024-12-07 14:15:38,950",
    "level": "INFO",
    "service": "VLM_API",
    "request_id": "unknown",
    "class": "uvicorn.error",
    "method": "shutdown"
}
{
    "@timestamp": "2024-12-07 14:15:38,950",
    "level": "INFO",
    "service": "VLM_API",
    "request_id": "unknown",
    "class": "uvicorn.error",
    "method": "serve"
}
{
    "@timestamp": "2024-12-07 14:15:39,536",
    "level": "INFO",
    "service": "VLM_API",
    "request_id": "unknown",
    "class": "watchfiles.main",
    "method": "_log_changes"
}
{
    "@timestamp": "2024-12-07 14:15:39,922",
    "level": "INFO",
    "service": "VLM_API",
    "request_id": "unknown",
    "class": "watchfiles.main",
    "method": "_log_changes"
}
{
    "@timestamp": "2024-12-07 14:15:40,485",
    "level": "INFO",
    "service": "VLM_API",
    "request_id": "unknown",
    "class": "config",
    "method": "<module>"
}
{
    "@timestamp": "2024-12-07 14:15:40,486",
    "level": "INFO",
    "service": "VLM_API",
    "request_id": "unknown",
    "class": "config",
    "method": "<module>"
}
{
    "@timestamp": "2024-12-07 14:15:40,486",
    "level": "INFO",
    "service": "VLM_API",
    "request_id": "unknown",
    "class": "config",
    "method": "<module>"
}
{
    "@timestamp": "2024-12-07 14:15:40,494",
    "level": "INFO",
    "service": "VLM_API",
    "request_id": "unknown",
    "class": "uvicorn.error",
    "method": "serve"
}
{
    "@timestamp": "2024-12-07 14:15:40,494",
    "level": "INFO",
    "service": "VLM_API",
    "request_id": "unknown",
    "class": "uvicorn.error",
    "method": "startup"
}
{
    "@timestamp": "2024-12-07 14:15:40,494",
    "level": "INFO",
    "service": "VLM_API",
    "request_id": "unknown",
    "class": "uvicorn.error",
    "method": "startup"
}
{
    "@timestamp": "2024-12-07 14:15:40,605",
    "level": "INFO",
    "service": "VLM_API",
    "request_id": "unknown",
    "class": "watchfiles.main",
    "method": "_log_changes"
}
{
    "@timestamp": "2024-12-07 14:19:58,894",
    "level": "INFO",
    "service": "VLM_API",
    "request_id": "unknown",
    "class": "watchfiles.main",
    "method": "_log_changes"
}
{
    "@timestamp": "2024-12-07 14:19:58,897",
    "level": "WARNING",
    "service": "VLM_API",
    "request_id": "unknown",
    "class": "uvicorn.error",
    "method": "run"
}
{
    "@timestamp": "2024-12-07 14:19:58,950",
    "level": "INFO",
    "service": "VLM_API",
    "request_id": "unknown",
    "class": "uvicorn.error",
    "method": "shutdown"
}
{
    "@timestamp": "2024-12-07 14:19:59,056",
    "level": "INFO",
    "service": "VLM_API",
    "request_id": "unknown",
    "class": "uvicorn.error",
    "method": "shutdown"
}
{
    "@timestamp": "2024-12-07 14:19:59,063",
    "level": "INFO",
    "service": "VLM_API",
    "request_id": "unknown",
    "class": "uvicorn.error",
    "method": "shutdown"
}
{
    "@timestamp": "2024-12-07 14:19:59,065",
    "level": "INFO",
    "service": "VLM_API",
    "request_id": "unknown",
    "class": "uvicorn.error",
    "method": "serve"
}
{
    "@timestamp": "2024-12-07 14:19:59,666",
    "level": "INFO",
    "service": "VLM_API",
    "request_id": "unknown",
    "class": "watchfiles.main",
    "method": "_log_changes"
}
{
    "@timestamp": "2024-12-07 14:20:00,615",
    "level": "INFO",
    "service": "VLM_API",
    "request_id": "unknown",
    "class": "config",
    "method": "<module>"
}
{
    "@timestamp": "2024-12-07 14:20:00,615",
    "level": "INFO",
    "service": "VLM_API",
    "request_id": "unknown",
    "class": "config",
    "method": "<module>"
}
{
    "@timestamp": "2024-12-07 14:20:00,615",
    "level": "INFO",
    "service": "VLM_API",
    "request_id": "unknown",
    "class": "config",
    "method": "<module>"
}
{
    "@timestamp": "2024-12-07 14:20:00,625",
    "level": "INFO",
    "service": "VLM_API",
    "request_id": "unknown",
    "class": "uvicorn.error",
    "method": "serve"
}
{
    "@timestamp": "2024-12-07 14:20:00,625",
    "level": "INFO",
    "service": "VLM_API",
    "request_id": "unknown",
    "class": "uvicorn.error",
    "method": "startup"
}
{
    "@timestamp": "2024-12-07 14:20:00,625",
    "level": "INFO",
    "service": "VLM_API",
    "request_id": "unknown",
    "class": "uvicorn.error",
    "method": "startup"
}
{
    "@timestamp": "2024-12-07 14:20:00,721",
    "level": "INFO",
    "service": "VLM_API",
    "request_id": "unknown",
    "class": "watchfiles.main",
    "method": "_log_changes"
}
{
    "@timestamp": "2024-12-07 14:20:30,863",
    "level": "INFO",
    "service": "VLM_API",
    "request_id": "unknown",
    "class": "routers.upload_video",
    "method": "receive_video_endpoint"
}
{
    "@timestamp": "2024-12-07 14:20:30,869",
    "level": "INFO",
    "service": "VLM_API",
    "request_id": "unknown",
    "class": "routers.upload_video",
    "method": "receive_video_endpoint"
}
{
    "@timestamp": "2024-12-07 14:20:30,946",
    "level": "INFO",
    "service": "VLM_API",
    "request_id": "unknown",
    "class": "watchfiles.main",
    "method": "_log_changes"
}
{
    "@timestamp": "2024-12-07 14:20:31,310",
    "level": "INFO",
    "service": "VLM_API",
    "request_id": "unknown",
    "class": "watchfiles.main",
    "method": "_log_changes"
}
{
    "@timestamp": "2024-12-07 14:20:37,402",
    "level": "INFO",
    "service": "VLM_API",
    "request_id": "unknown",
    "class": "routers.upload_video",
    "method": "convert_to_vp9"
}
{
    "@timestamp": "2024-12-07 14:20:37,404",
    "level": "INFO",
    "service": "VLM_API",
    "request_id": "unknown",
    "class": "root",
    "method": "log_requests"
}
{
    "@timestamp": "2024-12-07 14:20:37,472",
    "level": "INFO",
    "service": "VLM_API",
    "request_id": "unknown",
    "class": "watchfiles.main",
    "method": "_log_changes"
}
{
    "@timestamp": "2024-12-07 14:20:48,520",
    "level": "INFO",
    "service": "VLM_API",
    "request_id": "unknown",
    "class": "utils.download_video",
    "method": "download_and_sample_video_local"
}
{
    "@timestamp": "2024-12-07 14:20:48,653",
    "level": "ERROR",
    "service": "VLM_API",
    "request_id": "unknown",
    "class": "utils.download_video",
    "method": "download_and_sample_video_local",
    "error_type": "FrameReadError",
    "message": "프레임 218 읽기 실패 - 비디오가 예상보다 짧을 수 있습니다."
}
{
    "@timestamp": "2024-12-07 14:20:52,078",
    "level": "INFO",
    "service": "VLM_API",
    "request_id": "unknown",
    "class": "httpx",
    "method": "_send_single_request"
}
{
    "@timestamp": "2024-12-07 14:20:55,391",
    "level": "INFO",
    "service": "VLM_API",
    "request_id": "unknown",
    "class": "httpx",
    "method": "_send_single_request"
}
{
    "@timestamp": "2024-12-07 14:20:56,191",
    "level": "INFO",
    "service": "VLM_API",
    "request_id": "unknown",
    "class": "httpx",
    "method": "_send_single_request"
}
{
    "@timestamp": "2024-12-07 14:20:56,832",
    "level": "INFO",
    "service": "VLM_API",
    "request_id": "unknown",
    "class": "httpx",
    "method": "_send_single_request"
}
{
    "@timestamp": "2024-12-07 14:20:57,449",
    "level": "INFO",
    "service": "VLM_API",
    "request_id": "unknown",
    "class": "httpx",
    "method": "_send_single_request"
}
{
    "@timestamp": "2024-12-07 14:20:57,458",
    "level": "INFO",
    "service": "VLM_API",
    "request_id": "unknown",
    "class": "routers.send_feedback",
    "method": "send_feedback_endpoint"
}
{
    "@timestamp": "2024-12-07 14:20:57,459",
    "level": "INFO",
    "service": "VLM_API",
    "request_id": "unknown",
    "class": "root",
    "method": "log_requests"
}
{
    "@timestamp": "2024-12-07 14:20:57,534",
    "level": "INFO",
    "service": "VLM_API",
    "request_id": "unknown",
    "class": "watchfiles.main",
    "method": "_log_changes"
}
{
    "@timestamp": "2024-12-07 14:21:15,184",
    "level": "INFO",
    "service": "VLM_API",
    "request_id": "unknown",
    "class": "routers.delete_files",
    "method": "delete_files"
}
{
    "@timestamp": "2024-12-07 14:21:15,185",
    "level": "INFO",
    "service": "VLM_API",
    "request_id": "unknown",
    "class": "root",
    "method": "log_requests"
}
{
    "@timestamp": "2024-12-07 14:21:15,310",
    "level": "INFO",
    "service": "VLM_API",
    "request_id": "unknown",
    "class": "watchfiles.main",
    "method": "_log_changes"
}
{
    "@timestamp": "2024-12-07 14:21:24,346",
    "level": "INFO",
    "service": "VLM_API",
    "request_id": "unknown",
    "class": "uvicorn.error",
    "method": "shutdown"
}
{
    "@timestamp": "2024-12-07 14:21:24,449",
    "level": "INFO",
    "service": "VLM_API",
    "request_id": "unknown",
    "class": "uvicorn.error",
    "method": "shutdown"
}
{
    "@timestamp": "2024-12-07 14:21:24,451",
    "level": "INFO",
    "service": "VLM_API",
    "request_id": "unknown",
    "class": "uvicorn.error",
    "method": "shutdown"
}
{
    "@timestamp": "2024-12-07 14:21:24,451",
    "level": "INFO",
    "service": "VLM_API",
    "request_id": "unknown",
    "class": "uvicorn.error",
    "method": "serve"
}
{
    "@timestamp": "2024-12-07 14:21:24,654",
    "level": "INFO",
    "service": "VLM_API",
    "request_id": "unknown",
    "class": "uvicorn.error",
    "method": "shutdown"
}
